<?xml version="1.0" encoding="UTF-8"?>
<!-- Generated by org.testng.reporters.JUnitXMLReporter -->
<testsuite ignored="2" hostname="Sai" failures="0" tests="2" name="BankingApp Test1" time="45.841" errors="0" timestamp="2023-03-17T10:50:11 IST">
  <testcase classname="com.interbanking.testCases.TC_LoginTest_001" name="loginTest" time="5.059"/>
  <testcase classname="com.interbanking.testCases.TC_AddCustomerTest_003" name="addNewCustomer" time="37.137"/>
  <testcase classname="com.interbanking.testCases.BaseClass" name="@AfterTest tearDown" time="0.0">
    <ignored/>
  </testcase> <!-- @AfterTest tearDown -->
  <testcase classname="com.interbanking.testCases.BaseClass" name="@BeforeTest setup" time="0.0">
    <ignored/>
  </testcase> <!-- @BeforeTest setup -->
</testsuite> <!-- BankingApp Test1 -->
