# JRE version: Java(TM) SE Runtime Environment 18.9 (11.0.16+11) (build 11.0.16+11-LTS-199)
# Java VM: Java HotSpot(TM) 64-Bit Server VM 18.9 (11.0.16+11-LTS-199, mixed mode, tiered, compressed oops, g1 gc, windows-amd64)
Heap:
 garbage-first heap   total 129024K, used 28864K [0x0000000082e00000, 0x0000000100000000)
  region size 1024K, 10 young (10240K), 4 survivors (4096K)
 Metaspace       used 35099K, capacity 36171K, committed 36480K, reserved 1081344K
  class space    used 4111K, capacity 4549K, committed 4608K, reserved 1048576K
GC Heap History (10 events):
Event: 1.766 GC heap before
{Heap before GC invocations=0 (full 0):
 garbage-first heap   total 129024K, used 23552K [0x0000000082e00000, 0x0000000100000000)
  region size 1024K, 24 young (24576K), 0 survivors (0K)
 Metaspace       used 9925K, capacity 10022K, committed 10240K, reserved 1058816K
  class space    used 915K, capacity 961K, committed 1024K, reserved 1048576K
}
Event: 1.773 GC heap after
{Heap after GC invocations=1 (full 0):
 garbage-first heap   total 129024K, used 9381K [0x0000000082e00000, 0x0000000100000000)
  region size 1024K, 3 young (3072K), 3 survivors (3072K)
 Metaspace       used 9925K, capacity 10022K, committed 10240K, reserved 1058816K
  class space    used 915K, capacity 961K, committed 1024K, reserved 1048576K
}
Event: 2.624 GC heap before
{Heap before GC invocations=1 (full 0):
 garbage-first heap   total 129024K, used 72869K [0x0000000082e00000, 0x0000000100000000)
  region size 1024K, 66 young (67584K), 3 survivors (3072K)
 Metaspace       used 20512K, capacity 21130K, committed 21248K, reserved 1069056K
  class space    used 2204K, capacity 2476K, committed 2560K, reserved 1048576K
}
Event: 2.630 GC heap after
{Heap after GC invocations=2 (full 0):
 garbage-first heap   total 129024K, used 12270K [0x0000000082e00000, 0x0000000100000000)
  region size 1024K, 6 young (6144K), 6 survivors (6144K)
 Metaspace       used 20512K, capacity 21130K, committed 21248K, reserved 1069056K
  class space    used 2204K, capacity 2476K, committed 2560K, reserved 1048576K
}
Event: 2.871 GC heap before
{Heap before GC invocations=3 (full 0):
 garbage-first heap   total 129024K, used 37870K [0x0000000082e00000, 0x0000000100000000)
  region size 1024K, 31 young (31744K), 6 survivors (6144K)
 Metaspace       used 23004K, capacity 23663K, committed 23808K, reserved 1071104K
  class space    used 2478K, capacity 2767K, committed 2816K, reserved 1048576K
}
Event: 2.877 GC heap after
{Heap after GC invocations=4 (full 0):
 garbage-first heap   total 129024K, used 15364K [0x0000000082e00000, 0x0000000100000000)
  region size 1024K, 3 young (3072K), 3 survivors (3072K)
 Metaspace       used 23004K, capacity 23663K, committed 23808K, reserved 1071104K
  class space    used 2478K, capacity 2767K, committed 2816K, reserved 1048576K
}
Event: 4.125 GC heap before
{Heap before GC invocations=4 (full 0):
 garbage-first heap   total 129024K, used 73732K [0x0000000082e00000, 0x0000000100000000)
  region size 1024K, 55 young (56320K), 3 survivors (3072K)
 Metaspace       used 32703K, capacity 33706K, committed 33920K, reserved 1079296K
  class space    used 3767K, capacity 4175K, committed 4224K, reserved 1048576K
}
Event: 4.131 GC heap after
{Heap after GC invocations=5 (full 0):
 garbage-first heap   total 129024K, used 22756K [0x0000000082e00000, 0x0000000100000000)
  region size 1024K, 6 young (6144K), 6 survivors (6144K)
 Metaspace       used 32703K, capacity 33706K, committed 33920K, reserved 1079296K
  class space    used 3767K, capacity 4175K, committed 4224K, reserved 1048576K
}
Event: 5.390 GC heap before
{Heap before GC invocations=5 (full 0):
 garbage-first heap   total 129024K, used 38116K [0x0000000082e00000, 0x0000000100000000)
  region size 1024K, 22 young (22528K), 6 survivors (6144K)
 Metaspace       used 34763K, capacity 35773K, committed 35840K, reserved 1081344K
  class space    used 4044K, capacity 4460K, committed 4480K, reserved 1048576K
}
Event: 5.397 GC heap after
{Heap after GC invocations=6 (full 0):
 garbage-first heap   total 129024K, used 23744K [0x0000000082e00000, 0x0000000100000000)
  region size 1024K, 4 young (4096K), 4 survivors (4096K)
 Metaspace       used 34763K, capacity 35773K, committed 35840K, reserved 1081344K
  class space    used 4044K, capacity 4460K, committed 4480K, reserved 1048576K
}

