<?xml version="1.0" encoding="UTF-8"?>
<!-- Generated by org.testng.reporters.JUnitXMLReporter -->
<testsuite ignored="2" hostname="Sai" failures="0" tests="2" name="BankingApp Test1" time="54.966" errors="0" timestamp="2023-03-17T11:34:59 IST">
  <testcase classname="com.interbanking.testCases.TC_LoginTest_001" name="loginTest" time="10.718"/>
  <testcase classname="com.interbanking.testCases.TC_AddCustomerTest_003" name="addNewCustomer" time="39.938"/>
  <testcase classname="com.interbanking.testCases.BaseClass" name="@BeforeTest setup" time="0.0">
    <ignored/>
  </testcase> <!-- @BeforeTest setup -->
  <testcase classname="com.interbanking.testCases.BaseClass" name="@AfterTest tearDown" time="0.0">
    <ignored/>
  </testcase> <!-- @AfterTest tearDown -->
</testsuite> <!-- BankingApp Test1 -->
