<?xml version="1.0" encoding="UTF-8"?>
<testng-results ignored="2" total="4" passed="2" failed="0" skipped="0">
  <reporter-output>
  </reporter-output>
  <suite started-at="2023-03-17T10:49:25 IST" name="InerBanking2" finished-at="2023-03-17T10:50:11 IST" duration-ms="45841">
    <groups>
    </groups>
    <test started-at="2023-03-17T10:49:25 IST" name="BankingApp Test1" finished-at="2023-03-17T10:50:11 IST" duration-ms="45841">
      <class name="com.interbanking.testCases.TC_LoginTest_001">
        <test-method is-config="true" signature="setup(java.lang.String)[pri:0, instance:com.interbanking.testCases.TC_LoginTest_001@4be29ed9]" started-at="2023-03-17T10:49:25 IST" name="setup" finished-at="2023-03-17T10:49:28 IST" duration-ms="2796" status="PASS">
          <params>
            <param index="0">
              <value>
                <![CDATA[Chrome]]>
              </value>
            </param>
          </params>
          <reporter-output>
          </reporter-output>
        </test-method> <!-- setup -->
        <test-method signature="loginTest()[pri:0, instance:com.interbanking.testCases.TC_LoginTest_001@4be29ed9]" started-at="2023-03-17T10:49:28 IST" name="loginTest" finished-at="2023-03-17T10:49:33 IST" duration-ms="5059" status="PASS">
          <reporter-output>
          </reporter-output>
        </test-method> <!-- loginTest -->
        <test-method is-config="true" signature="tearDown()[pri:0, instance:com.interbanking.testCases.TC_LoginTest_001@4be29ed9]" started-at="2023-03-17T10:50:10 IST" name="tearDown" finished-at="2023-03-17T10:50:11 IST" duration-ms="367" status="PASS">
          <reporter-output>
          </reporter-output>
        </test-method> <!-- tearDown -->
      </class> <!-- com.interbanking.testCases.TC_LoginTest_001 -->
      <class name="com.interbanking.testCases.TC_AddCustomerTest_003">
        <test-method signature="addNewCustomer()[pri:0, instance:com.interbanking.testCases.TC_AddCustomerTest_003@742ff096]" started-at="2023-03-17T10:49:33 IST" name="addNewCustomer" finished-at="2023-03-17T10:50:10 IST" duration-ms="37137" status="PASS">
          <reporter-output>
          </reporter-output>
        </test-method> <!-- addNewCustomer -->
      </class> <!-- com.interbanking.testCases.TC_AddCustomerTest_003 -->
    </test> <!-- BankingApp Test1 -->
  </suite> <!-- InerBanking2 -->
</testng-results>
